2024-12-30 15:28:33,421 - INFO - Получен запрос: GET http://localhost:8000/api/openapi
2024-12-30 15:28:33,425 - INFO - Ответ: 200
2024-12-30 15:28:33,554 - INFO - Получен запрос: GET http://localhost:8000/api/openapi.json
2024-12-30 15:28:33,570 - INFO - Ответ: 200
2024-12-30 15:28:36,365 - INFO - Получен запрос: GET http://localhost:8000/api/openapi
2024-12-30 15:28:36,367 - INFO - Ответ: 200
2024-12-30 15:28:36,461 - INFO - Получен запрос: GET http://localhost:8000/api/openapi.json
2024-12-30 15:28:36,464 - INFO - Ответ: 200
2024-12-30 15:29:33,902 - INFO - Получен запрос: GET http://localhost:8000/api/openapi
2024-12-30 15:29:33,905 - INFO - Ответ: 200
2024-12-30 15:29:34,020 - INFO - Получен запрос: GET http://localhost:8000/api/openapi.json
2024-12-30 15:29:34,040 - INFO - Ответ: 200
2024-12-30 15:30:56,100 - INFO - Получен запрос: POST http://localhost:8000/api/models/fit?jsonfile=%7B%22model_id%22%3A%22example_123%22%2C%20%20%E2%80%9Chyperparameters%E2%80%9D%3A%20%7B%E2%80%9CC%E2%80%9D%3A0.5%7D%7D
2024-12-30 15:31:24,683 - INFO - Получен запрос: POST http://localhost:8000/api/models/fit?jsonfile=%7B%22model_id%22%20%3A%20%22example_123%22%2C%20%20%E2%80%9Chyperparameters%E2%80%9D%3A%20%7B%E2%80%9CC%E2%80%9D%3A0.5%7D%7D
2024-12-30 15:31:59,324 - INFO - Получен запрос: POST http://localhost:8000/api/models/fit?jsonfile=%7B%20%20%20%22model_id%22%3A%20%22example_model_123%22%2C%20%20%20%22hyperparameters%22%3A%20%7B%20%20%20%20%20%22learning_rate%22%3A%200.01%2C%20%20%20%20%20%22batch_size%22%3A%2032%2C%20%20%20%20%20%22num_epochs%22%3A%2010%2C%20%20%20%20%20%22optimizer%22%3A%20%22adam%22%20%20%20%7D%20%7D
2024-12-30 15:32:31,230 - INFO - Получен запрос: POST http://localhost:8000/api/models/fit?jsonfile=%7B%20%20%20%22model_id%22%3A%20%22example_model_123%22%2C%20%20%20%22hyperparameters%22%3A%20%7B%22C%22%3A%200.5%2C%20%20%22optimizer%22%3A%20%22adam%22%20%20%20%7D%20%7D
2024-12-30 15:32:48,379 - INFO - Получен запрос: POST http://localhost:8000/api/models/fit?jsonfile=%7B%20%20%20%22model_id%22%3A%20%22example_model_123%22%2C%20%20%20%22hyperparameters%22%3A%20%7B%22C%22%3A%200.5%2C%20%20%20%20%7D%20%7D
2024-12-30 15:33:14,350 - INFO - Получен запрос: POST http://localhost:8000/api/models/fit?jsonfile=%7B%20%20%20%22model_id%22%3A%20%22example_model_123%22%2C%20%20%20%22hyperparameters%22%3A%20%7B%22C%22%3A%200.5%7D%20%7D
2024-12-30 15:33:14,569 - INFO - Ответ: 201
2024-12-30 15:42:19,555 - INFO - Получен запрос: GET http://localhost:8000/api/openapi
2024-12-30 15:42:19,557 - INFO - Ответ: 200
2024-12-30 15:42:19,755 - INFO - Получен запрос: GET http://localhost:8000/api/openapi.json
2024-12-30 15:42:19,776 - INFO - Ответ: 200
2024-12-30 15:42:25,762 - INFO - Получен запрос: GET http://localhost:8000/api/models/show_example
2024-12-30 15:42:25,797 - INFO - Ответ: 200
2024-12-30 15:42:29,149 - INFO - Получен запрос: GET http://localhost:8000/api/models/show_example
2024-12-30 15:42:29,162 - INFO - Ответ: 200
2024-12-30 15:47:16,206 - INFO - Получен запрос: GET http://localhost:8000/api/openapi
2024-12-30 15:47:16,209 - INFO - Ответ: 200
2024-12-30 15:47:16,323 - INFO - Получен запрос: GET http://localhost:8000/api/openapi.json
2024-12-30 15:47:16,336 - INFO - Ответ: 200
2024-12-30 15:48:10,510 - INFO - Получен запрос: GET http://localhost:8000/api/models/show_example
2024-12-30 15:48:10,526 - INFO - Ответ: 200
2024-12-30 15:48:12,439 - INFO - Получен запрос: GET http://localhost:8000/api/models/show_example
2024-12-30 15:48:12,449 - INFO - Ответ: 200
2024-12-30 15:48:52,013 - INFO - Получен запрос: GET http://localhost:8000/api/models/show_example
2024-12-30 15:48:52,029 - INFO - Ответ: 200
2024-12-30 15:52:05,169 - INFO - Получен запрос: GET http://localhost:8000/api/openapi
2024-12-30 15:52:05,171 - INFO - Ответ: 200
2024-12-30 15:52:05,330 - INFO - Получен запрос: GET http://localhost:8000/api/openapi.json
2024-12-30 15:52:05,343 - INFO - Ответ: 200
2024-12-30 15:52:08,674 - INFO - Получен запрос: GET http://localhost:8000/api/models/show_example
2024-12-30 15:52:08,690 - INFO - Ответ: 200
2024-12-30 15:52:09,887 - INFO - Получен запрос: GET http://localhost:8000/api/models/show_example
2024-12-30 15:52:09,899 - INFO - Ответ: 200
2024-12-31 08:04:20,315 - INFO - Получен запрос: GET http://localhost:8000/api/openapi
2024-12-31 08:04:20,317 - INFO - Ответ: 200
2024-12-31 08:04:20,602 - INFO - Получен запрос: GET http://localhost:8000/api/openapi.json
2024-12-31 08:04:20,617 - INFO - Ответ: 200
2024-12-31 08:04:31,052 - INFO - Получен запрос: GET http://football_backend:8000/api/models/show_example
2024-12-31 08:04:31,073 - INFO - Ответ: 200
2024-12-31 08:04:36,245 - INFO - Получен запрос: GET http://football_backend:8000/api/models/show_example
2024-12-31 08:04:36,255 - INFO - Ответ: 200
2024-12-31 08:04:42,216 - INFO - Получен запрос: GET http://football_backend:8000/api/models/show_example
2024-12-31 08:04:42,230 - INFO - Ответ: 200
2024-12-31 08:04:42,254 - INFO - Получен запрос: POST http://football_backend:8000/api/models/fit?jsonfile=%7B%22model_id%22:%20%22aaa%22,%20%22hyperparameters%22:%20%7B%7D%7D
2024-12-31 08:04:42,527 - INFO - Ответ: 201
2024-12-31 08:04:43,259 - INFO - Получен запрос: GET http://football_backend:8000/api/models/show_example
2024-12-31 08:04:43,285 - INFO - Ответ: 200
2024-12-31 08:04:43,314 - INFO - Получен запрос: POST http://football_backend:8000/api/models/fit?jsonfile=%7B%22model_id%22:%20%22aaa%22,%20%22hyperparameters%22:%20%7B%22C%22:%200.5%7D%7D
2024-12-31 08:04:43,556 - INFO - Ответ: 201
2024-12-31 08:04:48,133 - INFO - Получен запрос: GET http://football_backend:8000/api/models/show_example
2024-12-31 08:04:48,143 - INFO - Ответ: 200
2024-12-31 08:04:48,161 - INFO - Получен запрос: POST http://football_backend:8000/api/models/fit?jsonfile=%7B%22model_id%22:%20%22aaa%22,%20%22hyperparameters%22:%20%7B%22C%22:%200.5%7D%7D
2024-12-31 08:04:48,379 - INFO - Ответ: 201
2024-12-31 08:04:48,389 - INFO - Получен запрос: POST http://football_backend:8000/api/models/set_model
2024-12-31 08:04:48,392 - INFO - Ответ: 200
2024-12-31 08:04:50,752 - INFO - Получен запрос: GET http://football_backend:8000/api/models/show_example
2024-12-31 08:04:50,763 - INFO - Ответ: 200
2024-12-31 08:04:50,783 - INFO - Получен запрос: POST http://football_backend:8000/api/models/fit?jsonfile=%7B%22model_id%22:%20%22aaa%22,%20%22hyperparameters%22:%20%7B%22C%22:%200.5%7D%7D
2024-12-31 08:04:51,001 - INFO - Ответ: 201
2024-12-31 08:04:51,011 - INFO - Получен запрос: POST http://football_backend:8000/api/models/set_model
2024-12-31 08:04:51,013 - INFO - Ответ: 200
2024-12-31 08:04:55,377 - INFO - Получен запрос: GET http://football_backend:8000/api/models/show_example
2024-12-31 08:04:55,394 - INFO - Ответ: 200
2024-12-31 08:04:55,415 - INFO - Получен запрос: POST http://football_backend:8000/api/models/fit?jsonfile=%7B%22model_id%22:%20%22aaa%22,%20%22hyperparameters%22:%20%7B%22C%22:%200.5%7D%7D
2024-12-31 08:04:55,634 - INFO - Ответ: 201
2024-12-31 08:04:55,643 - INFO - Получен запрос: POST http://football_backend:8000/api/models/set_model
2024-12-31 08:04:55,648 - INFO - Ответ: 200
2024-12-31 08:04:55,658 - INFO - Получен запрос: GET http://football_backend:8000/api/models/show_models
2024-12-31 08:04:55,660 - INFO - Ответ: 200
